<?xml version="1.0" encoding="UTF-8"?>
<coverage generated="1660306803350" clover="3.2.0">
  <project timestamp="1660306803350" name="All files">
    <metrics statements="16" coveredstatements="8" conditionals="10" coveredconditionals="5" methods="5" coveredmethods="2" elements="31" coveredelements="15" complexity="0" loc="16" ncloc="16" packages="1" files="1" classes="1"/>
    <file name="calc.js" path="/home/onkar406/Github/Serverless-Projects/example-serverless-npm-project/src/calc.js">
      <metrics statements="16" coveredstatements="8" conditionals="10" coveredconditionals="5" methods="5" coveredmethods="2"/>
      <line num="5" count="3" type="stmt"/>
      <line num="9" count="5" type="cond" truecount="5" falsecount="1"/>
      <line num="11" count="1" type="stmt"/>
      <line num="14" count="1" type="stmt"/>
      <line num="17" count="1" type="stmt"/>
      <line num="20" count="1" type="stmt"/>
      <line num="23" count="0" type="stmt"/>
      <line num="26" count="1" type="stmt"/>
      <line num="31" count="0" type="stmt"/>
      <line num="35" count="0" type="cond" truecount="0" falsecount="2"/>
      <line num="36" count="0" type="stmt"/>
      <line num="39" count="0" type="stmt"/>
      <line num="44" count="0" type="cond" truecount="0" falsecount="2"/>
      <line num="45" count="0" type="stmt"/>
      <line num="48" count="0" type="stmt"/>
      <line num="52" count="1" type="stmt"/>
    </file>
  </project>
</coverage>
